<?xml version="1.0" encoding="UTF-8"?>
<!-- Generated by org.testng.reporters.JUnitXMLReporter -->
<testsuite ignored="0" hostname="IPIX-LAP02" failures="3" tests="11" name="Groceryxml" time="3.885" errors="0" timestamp="2024-09-04T23:54:36 IST">
  <testcase classname="testscript.Base" name="@AfterMethod browserQuit" time="0.006">
    <failure type="java.lang.NullPointerException" message="Cannot invoke &amp;quot;org.openqa.selenium.TakesScreenshot.getScreenshotAs(org.openqa.selenium.OutputType)&amp;quot; because &amp;quot;scrShot&amp;quot; is null">
      <![CDATA[java.lang.NullPointerException: Cannot invoke "org.openqa.selenium.TakesScreenshot.getScreenshotAs(org.openqa.selenium.OutputType)" because "scrShot" is null
at utilities.ScreenshotUtility.captureFailureScreenShot(ScreenshotUtility.java:16)
at testscript.Base.browserQuit(Base.java:65)
at java.base/java.util.ArrayList.forEach(ArrayList.java:1597)
... Removed 30 stack frames]]>
    </failure>
  </testcase> <!-- @AfterMethod browserQuit -->
  <testcase classname="testscript.Base" name="@AfterMethod browserQuit" time="-1.725474275004E9">
    <skipped/>
  </testcase> <!-- @AfterMethod browserQuit -->
  <testcase classname="testscript.Base" name="@AfterMethod browserQuit" time="-1.725474275026E9">
    <skipped/>
  </testcase> <!-- @AfterMethod browserQuit -->
  <testcase classname="testscript.Base" name="@AfterMethod browserQuit" time="-1.725474275055E9">
    <skipped/>
  </testcase> <!-- @AfterMethod browserQuit -->
  <testcase classname="testscript.Base" name="@AfterMethod browserQuit" time="-1.725474275084E9">
    <skipped/>
  </testcase> <!-- @AfterMethod browserQuit -->
  <testcase classname="testscript.Base" name="@AfterMethod browserQuit" time="-1.725474275101E9">
    <skipped/>
  </testcase> <!-- @AfterMethod browserQuit -->
  <testcase classname="testscript.Base" name="@AfterMethod browserQuit" time="0.002">
    <failure type="java.lang.NullPointerException" message="Cannot invoke &amp;quot;org.openqa.selenium.TakesScreenshot.getScreenshotAs(org.openqa.selenium.OutputType)&amp;quot; because &amp;quot;scrShot&amp;quot; is null">
      <![CDATA[java.lang.NullPointerException: Cannot invoke "org.openqa.selenium.TakesScreenshot.getScreenshotAs(org.openqa.selenium.OutputType)" because "scrShot" is null
at utilities.ScreenshotUtility.captureFailureScreenShot(ScreenshotUtility.java:16)
at testscript.Base.browserQuit(Base.java:65)
at java.base/java.util.ArrayList.forEach(ArrayList.java:1597)
... Removed 30 stack frames]]>
    </failure>
  </testcase> <!-- @AfterMethod browserQuit -->
  <testcase classname="testscript.Base" name="@AfterMethod browserQuit" time="0.001">
    <failure type="java.lang.NullPointerException" message="Cannot invoke &amp;quot;org.openqa.selenium.TakesScreenshot.getScreenshotAs(org.openqa.selenium.OutputType)&amp;quot; because &amp;quot;scrShot&amp;quot; is null">
      <![CDATA[java.lang.NullPointerException: Cannot invoke "org.openqa.selenium.TakesScreenshot.getScreenshotAs(org.openqa.selenium.OutputType)" because "scrShot" is null
at utilities.ScreenshotUtility.captureFailureScreenShot(ScreenshotUtility.java:16)
at testscript.Base.browserQuit(Base.java:65)
at java.base/java.util.ArrayList.forEach(ArrayList.java:1597)
... Removed 30 stack frames]]>
    </failure>
  </testcase> <!-- @AfterMethod browserQuit -->
  <testcase classname="testscript.Base" name="@AfterMethod browserQuit" time="-1.725474276421E9">
    <skipped/>
  </testcase> <!-- @AfterMethod browserQuit -->
  <testcase classname="testscript.LoginFormTest" name="inavlidPasswordValidusername" time="2.266">
    <failure type="java.lang.NullPointerException" message="Cannot invoke &amp;quot;org.openqa.selenium.SearchContext.findElement(org.openqa.selenium.By)&amp;quot; because &amp;quot;this.searchContext&amp;quot; is null">
      <![CDATA[java.lang.NullPointerException: Cannot invoke "org.openqa.selenium.SearchContext.findElement(org.openqa.selenium.By)" because "this.searchContext" is null
at org.openqa.selenium.support.pagefactory.DefaultElementLocator.findElement(DefaultElementLocator.java:68)
at org.openqa.selenium.support.pagefactory.internal.LocatingElementHandler.invoke(LocatingElementHandler.java:38)
at jdk.proxy2/jdk.proxy2.$Proxy15.sendKeys(Unknown Source)
at groceryapppackage.LoginForm.enterUsername(LoginForm.java:27)
at testscript.LoginFormTest.inavlidPasswordValidusername(LoginFormTest.java:49)
at java.base/java.util.ArrayList.forEach(ArrayList.java:1597)
... Removed 25 stack frames]]>
    </failure>
  </testcase> <!-- inavlidPasswordValidusername -->
  <testcase classname="testscript.LoginFormTest" name="inavlidPasswordInValidusername" time="0.0">
    <skipped/>
  </testcase> <!-- inavlidPasswordInValidusername -->
  <testcase classname="testscript.LoginFormTest" name="inavlidPasswordInValidusername" time="0.0">
    <skipped/>
  </testcase> <!-- inavlidPasswordInValidusername -->
  <testcase classname="testscript.LoginFormTest" name="usernamePasswordwithSpaces" time="0.0">
    <skipped/>
  </testcase> <!-- usernamePasswordwithSpaces -->
  <testcase classname="testscript.LoginFormTest" name="actualusernameandpassword" time="0.0">
    <skipped/>
  </testcase> <!-- actualusernameandpassword -->
  <testcase classname="testscript.LoginFormTest" name="actualusernameandpassword" time="0.0">
    <skipped/>
  </testcase> <!-- actualusernameandpassword -->
  <testcase classname="testscript.ManageFooterTest" name="manageFooterDetails" time="0.364">
    <failure type="java.lang.NullPointerException" message="Cannot invoke &amp;quot;org.openqa.selenium.SearchContext.findElement(org.openqa.selenium.By)&amp;quot; because &amp;quot;this.searchContext&amp;quot; is null">
      <![CDATA[java.lang.NullPointerException: Cannot invoke "org.openqa.selenium.SearchContext.findElement(org.openqa.selenium.By)" because "this.searchContext" is null
at org.openqa.selenium.support.pagefactory.DefaultElementLocator.findElement(DefaultElementLocator.java:68)
at org.openqa.selenium.support.pagefactory.internal.LocatingElementHandler.invoke(LocatingElementHandler.java:38)
at jdk.proxy2/jdk.proxy2.$Proxy15.sendKeys(Unknown Source)
at groceryapppackage.LoginForm.enterUsername(LoginForm.java:27)
at testscript.ManageFooterTest.manageFooterDetails(ManageFooterTest.java:23)
at java.base/java.util.ArrayList.forEach(ArrayList.java:1597)
... Removed 25 stack frames]]>
    </failure>
  </testcase> <!-- manageFooterDetails -->
  <testcase classname="testscript.AdminUserTest" name="adminLogin" time="0.335">
    <skipped/>
  </testcase> <!-- adminLogin -->
  <testcase classname="testscript.AdminUserTest" name="adminLogin" time="0.309">
    <skipped/>
  </testcase> <!-- adminLogin -->
  <testcase classname="testscript.AdminUserTest" name="adminLogin" time="0.229">
    <failure type="java.lang.NullPointerException" message="Cannot invoke &amp;quot;org.openqa.selenium.SearchContext.findElement(org.openqa.selenium.By)&amp;quot; because &amp;quot;this.searchContext&amp;quot; is null">
      <![CDATA[java.lang.NullPointerException: Cannot invoke "org.openqa.selenium.SearchContext.findElement(org.openqa.selenium.By)" because "this.searchContext" is null
at org.openqa.selenium.support.pagefactory.DefaultElementLocator.findElement(DefaultElementLocator.java:68)
at org.openqa.selenium.support.pagefactory.internal.LocatingElementHandler.invoke(LocatingElementHandler.java:38)
at jdk.proxy2/jdk.proxy2.$Proxy15.sendKeys(Unknown Source)
at groceryapppackage.LoginForm.enterUsername(LoginForm.java:27)
at testscript.AdminUserTest.adminLogin(AdminUserTest.java:24)
at java.base/java.util.ArrayList.forEach(ArrayList.java:1597)
... Removed 25 stack frames]]>
    </failure>
  </testcase> <!-- adminLogin -->
  <testcase classname="testscript.AdminUserTest" name="reLogin" time="0.0">
    <skipped/>
  </testcase> <!-- reLogin -->
</testsuite> <!-- Groceryxml -->
